<?xml version="1.0" encoding="UTF-8"?>
<!-- Generated by org.testng.reporters.JUnitReportReporter -->
<testsuite hostname="DESKTOP-0M9C4A2" failures="0" tests="1" name="superAdminTest.ReportTest" time="2.632" errors="0" timestamp="2023-09-21T15:48:37 IST" skipped="0">
  <testcase classname="superAdminTest.ReportTest" name="exportsupervisorsummary" time="2.632"/>
</testsuite> <!-- superAdminTest.ReportTest -->
