<?xml version="1.0" encoding="UTF-8"?>
<!-- Generated by org.testng.reporters.JUnitReportReporter -->
<testsuite hostname="DESKTOP-0M9C4A2" failures="0" tests="1" name="iGuru.Sportsbook.BIP.CashierAdminTest.CashierProfileTest" time="2.542" errors="0" timestamp="2023-09-22T16:05:25 IST" skipped="0">
  <testcase classname="iGuru.Sportsbook.BIP.CashierAdminTest.CashierProfileTest" name="changepassword" time="2.542"/>
</testsuite> <!-- iGuru.Sportsbook.BIP.CashierAdminTest.CashierProfileTest -->
