<?xml version="1.0" encoding="UTF-8"?>
<!-- Generated by org.testng.reporters.JUnitReportReporter -->
<testsuite hostname="DESKTOP-0M9C4A2" failures="0" tests="5" name="superAdminTest.DashboardTest" time="13.384" errors="0" timestamp="2023-09-12T16:16:15 IST" skipped="0">
  <testcase classname="superAdminTest.DashboardTest" name="getdashboarddatas" time="3.726"/>
  <testcase classname="superAdminTest.DashboardTest" name="getweekbetstats" time="2.037"/>
  <testcase classname="superAdminTest.DashboardTest" name="getbetmonthstats" time="2.923"/>
  <testcase classname="superAdminTest.DashboardTest" name="gettopweek" time="1.950"/>
  <testcase classname="superAdminTest.DashboardTest" name="gettopmonthstats" time="2.748"/>
</testsuite> <!-- superAdminTest.DashboardTest -->
