<?xml version="1.0" encoding="UTF-8"?>
<!-- Generated by org.testng.reporters.JUnitReportReporter -->
<testsuite hostname="DESKTOP-0M9C4A2" failures="0" tests="2" name="iGuru.Sportsbook.BIP.UserTest.OfflineUserTest" time="2.160" errors="0" timestamp="2023-09-22T12:38:07 IST" skipped="0">
  <testcase classname="iGuru.Sportsbook.BIP.UserTest.OfflineUserTest" name="singleplacedbet" time="1.848"/>
  <testcase classname="iGuru.Sportsbook.BIP.UserTest.OfflineUserTest" name="combiplacedbet" time="0.312"/>
</testsuite> <!-- iGuru.Sportsbook.BIP.UserTest.OfflineUserTest -->
