<?xml version="1.0" encoding="UTF-8"?>
<!-- Generated by org.testng.reporters.JUnitReportReporter -->
<testsuite hostname="DESKTOP-0M9C4A2" failures="0" tests="7" name="userTest.AuthTest" time="6.434" errors="0" timestamp="2023-09-22T10:41:52 IST" skipped="0">
  <testcase classname="userTest.AuthTest" name="Registeruser" time="2.425"/>
  <testcase classname="userTest.AuthTest" name="OTPverification" time="1.556"/>
  <testcase classname="userTest.AuthTest" name="Resentotpverification" time="0.357"/>
  <testcase classname="userTest.AuthTest" name="usercancel" time="0.309"/>
  <testcase classname="userTest.AuthTest" name="Loginuser" time="1.033"/>
  <testcase classname="userTest.AuthTest" name="getticketdetails" time="0.343"/>
  <testcase classname="userTest.AuthTest" name="forgotpassword" time="0.411"/>
</testsuite> <!-- userTest.AuthTest -->
