<?xml version="1.0" encoding="UTF-8"?>
<!-- Generated by org.testng.reporters.JUnitReportReporter -->
<testsuite hostname="DESKTOP-0M9C4A2" failures="0" tests="5" name="iGuru.Sportsbook.BIP.SuperAdminTest.DashboardTest" time="11.408" errors="0" timestamp="2023-09-22T14:32:31 IST" skipped="0">
  <testcase classname="iGuru.Sportsbook.BIP.SuperAdminTest.DashboardTest" name="getdashboarddatas" time="3.073"/>
  <testcase classname="iGuru.Sportsbook.BIP.SuperAdminTest.DashboardTest" name="getweekbetstats" time="1.607"/>
  <testcase classname="iGuru.Sportsbook.BIP.SuperAdminTest.DashboardTest" name="getbetmonthstats" time="2.118"/>
  <testcase classname="iGuru.Sportsbook.BIP.SuperAdminTest.DashboardTest" name="gettopweek" time="2.061"/>
  <testcase classname="iGuru.Sportsbook.BIP.SuperAdminTest.DashboardTest" name="gettopmonthstats" time="2.549"/>
</testsuite> <!-- iGuru.Sportsbook.BIP.SuperAdminTest.DashboardTest -->
