<?xml version="1.0" encoding="UTF-8"?>
<!-- Generated by org.testng.reporters.JUnitReportReporter -->
<testsuite hostname="DESKTOP-0M9C4A2" failures="0" tests="2" name="iGuru.Sportsbook.BIP.SuperAdminTest.SystemsettingTest" time="2.048" errors="0" timestamp="2023-09-22T15:00:40 IST" skipped="0">
  <testcase classname="iGuru.Sportsbook.BIP.SuperAdminTest.SystemsettingTest" name="get_systemsetting" time="1.718"/>
  <testcase classname="iGuru.Sportsbook.BIP.SuperAdminTest.SystemsettingTest" name="update_systemsetting" time="0.330"/>
</testsuite> <!-- iGuru.Sportsbook.BIP.SuperAdminTest.SystemsettingTest -->
