<?xml version="1.0" encoding="UTF-8"?>
<!-- Generated by org.testng.reporters.JUnitReportReporter -->
<testsuite hostname="DESKTOP-0M9C4A2" failures="0" tests="2" name="userTest.OfflineUserTest" time="2.256" errors="0" timestamp="2023-09-12T15:54:08 IST" skipped="0">
  <testcase classname="userTest.OfflineUserTest" name="singleplacedbet" time="1.929"/>
  <testcase classname="userTest.OfflineUserTest" name="combiplacedbet" time="0.327"/>
</testsuite> <!-- userTest.OfflineUserTest -->
