<?xml version="1.0" encoding="UTF-8"?>
<!-- Generated by org.testng.reporters.JUnitReportReporter -->
<testsuite hostname="DESKTOP-0M9C4A2" failures="0" tests="1" name="iGuru.Sportsbook.BIP.UserTest.AuthTest" time="6.628" errors="0" timestamp="2023-09-22T14:20:10 IST" skipped="0">
  <testcase classname="iGuru.Sportsbook.BIP.UserTest.AuthTest" name="Loginuser" time="6.628"/>
</testsuite> <!-- iGuru.Sportsbook.BIP.UserTest.AuthTest -->
