<?xml version="1.0" encoding="UTF-8"?>
<!-- Generated by org.testng.reporters.JUnitReportReporter -->
<testsuite hostname="DESKTOP-0M9C4A2" failures="0" tests="1" name="iGuru.BIP.UserTest.AuthTest" time="2.485" errors="0" timestamp="2023-09-22T11:35:18 IST" skipped="0">
  <testcase classname="iGuru.BIP.UserTest.AuthTest" name="Registeruser" time="2.485"/>
</testsuite> <!-- iGuru.BIP.UserTest.AuthTest -->
