<?xml version="1.0" encoding="UTF-8"?>
<!-- Generated by org.testng.reporters.JUnitReportReporter -->
<testsuite hostname="DESKTOP-0M9C4A2" failures="0" tests="3" name="iGuru.Sportsbook.BIP.SuperAdminTest.LeagueTest" time="4.333" errors="0" timestamp="2023-09-22T14:34:31 IST" skipped="0">
  <testcase classname="iGuru.Sportsbook.BIP.SuperAdminTest.LeagueTest" name="getleague" time="2.691"/>
  <testcase classname="iGuru.Sportsbook.BIP.SuperAdminTest.LeagueTest" name="getleagues" time="1.229"/>
  <testcase classname="iGuru.Sportsbook.BIP.SuperAdminTest.LeagueTest" name="updatetopleague" time="0.413"/>
</testsuite> <!-- iGuru.Sportsbook.BIP.SuperAdminTest.LeagueTest -->
